2013-12-10 12:25:38,155 - Log4JLogChute initialized using file 'velocity.log'
2013-12-10 12:25:38,156 - Starting Apache Velocity v1.6.2 (compiled: 2009-02-19 16:29:46)
2013-12-10 12:25:38,156 - Default Properties File: org/apache/velocity/runtime/defaults/velocity.properties
2013-12-10 12:25:38,156 - Trying to use logger class org.apache.velocity.runtime.log.AvalonLogChute
2013-12-10 12:25:38,156 - Target log system for org.apache.velocity.runtime.log.AvalonLogChute is not available (java.lang.NoClassDefFoundError: org/apache/log/format/Formatter).  Falling back to next log system...
2013-12-10 12:25:38,156 - Trying to use logger class org.apache.velocity.runtime.log.Log4JLogChute
2013-12-10 12:25:38,156 - Using logger class org.apache.velocity.runtime.log.Log4JLogChute
2013-12-10 12:25:38,157 - ResourceLoader instantiated: org.apache.velocity.runtime.resource.loader.FileResourceLoader
2013-12-10 12:25:38,157 - Do unicode file recognition:  false
2013-12-10 12:25:38,157 - FileResourceLoader : adding path '.'
2013-12-10 12:25:38,165 - ResourceCache: initialized (class org.apache.velocity.runtime.resource.ResourceCacheImpl) with class java.util.Collections$SynchronizedMap cache map.
2013-12-10 12:25:38,167 - Loaded System Directive: org.apache.velocity.runtime.directive.Define
2013-12-10 12:25:38,167 - Loaded System Directive: org.apache.velocity.runtime.directive.Break
2013-12-10 12:25:38,168 - Loaded System Directive: org.apache.velocity.runtime.directive.Evaluate
2013-12-10 12:25:38,169 - Loaded System Directive: org.apache.velocity.runtime.directive.Literal
2013-12-10 12:25:38,170 - Loaded System Directive: org.apache.velocity.runtime.directive.Macro
2013-12-10 12:25:38,171 - Loaded System Directive: org.apache.velocity.runtime.directive.Parse
2013-12-10 12:25:38,172 - Loaded System Directive: org.apache.velocity.runtime.directive.Include
2013-12-10 12:25:38,173 - Loaded System Directive: org.apache.velocity.runtime.directive.Foreach
2013-12-10 12:25:38,192 - Created '20' parsers.
2013-12-10 12:25:38,199 - Velocimacro : "velocimacro.library" is not set.  Trying default library: VM_global_library.vm
2013-12-10 12:25:38,199 - Velocimacro : Default library not found.
2013-12-10 12:25:38,199 - Velocimacro : allowInline = true : VMs can be defined inline in templates
2013-12-10 12:25:38,199 - Velocimacro : allowInlineToOverride = false : VMs defined inline may NOT replace previous VM definitions
2013-12-10 12:25:38,199 - Velocimacro : allowInlineLocal = false : VMs defined inline will be global in scope if allowed.
2013-12-10 12:25:38,199 - Velocimacro : autoload off : VM system will not automatically reload global library macros
2013-12-10 12:25:38,213 - ResourceManager : found target/test-classes/conf/content-wrappers/simpleContentSpacetemplate.cwt with loader org.apache.velocity.runtime.resource.loader.FileResourceLoader
